  Lab8.c
  zadanie1.c
  zadanie2.c
C:\Users\HardPC\source\repos\Lab8\Lab8\Lab8.c(7,9): warning C4005: "_CRT_SECURE_NO_WARNINGS": ponowna definicja makra
      C:\Users\HardPC\source\repos\Lab8\Lab8\Lab8.c(7,9):
      Element „_CRT_SECURE_NO_WARNINGS“ został wcześniej zadeklarowany w wierszu polecenia
  
C:\Users\HardPC\source\repos\Lab8\Lab8\zadanie1.c(5,9): warning C4005: "_CRT_SECURE_NO_WARNINGS": ponowna definicja makra
      C:\Users\HardPC\source\repos\Lab8\Lab8\zadanie1.c(5,9):
      Element „_CRT_SECURE_NO_WARNINGS“ został wcześniej zadeklarowany w wierszu polecenia
  
C:\Users\HardPC\source\repos\Lab8\Lab8\zadanie2.c(4,9): warning C4005: "_CRT_SECURE_NO_WARNINGS": ponowna definicja makra
      C:\Users\HardPC\source\repos\Lab8\Lab8\zadanie2.c(4,9):
      Element „_CRT_SECURE_NO_WARNINGS“ został wcześniej zadeklarowany w wierszu polecenia
  
  zadanie3.c
C:\Users\HardPC\source\repos\Lab8\Lab8\zadanie3.c(4,9): warning C4005: "_CRT_SECURE_NO_WARNINGS": ponowna definicja makra
      C:\Users\HardPC\source\repos\Lab8\Lab8\zadanie3.c(4,9):
      Element „_CRT_SECURE_NO_WARNINGS“ został wcześniej zadeklarowany w wierszu polecenia
  
  zadanie4.c
C:\Users\HardPC\source\repos\Lab8\Lab8\zadanie4.c(6,9): warning C4005: "_CRT_SECURE_NO_WARNINGS": ponowna definicja makra
      C:\Users\HardPC\source\repos\Lab8\Lab8\zadanie4.c(6,9):
      Element „_CRT_SECURE_NO_WARNINGS“ został wcześniej zadeklarowany w wierszu polecenia
  
  Generowanie kodu...
  Lab8.vcxproj -> C:\Users\HardPC\source\repos\Lab8\x64\Debug\Lab8.exe
